<?xml version="1.0" encoding="UTF-8"?>
<!-- Generated by org.testng.reporters.JUnitXMLReporter -->
<testsuite ignored="0" hostname="DESKTOP-FFTQ1QM" failures="3" tests="3" name="Default test" time="9.676" errors="0" timestamp="30 May 2022 05:03:02 GMT">
  <testcase classname="io.cucumber.testng.AbstractTestNGCucumberTests" name="runScenario" time="5.431">
    <failure type="org.openqa.selenium.SessionNotCreatedException" message="session not created: This version of ChromeDriver only supports Chrome version 102
Current browser version is 101.0.4951.67 with binary path C:\Program Files\Google\Chrome\Application\chrome.exe
Build info: version: &amp;apos;3.141.59&amp;apos;, revision: &amp;apos;e82be7d358&amp;apos;, time: &amp;apos;2018-11-14T08:17:03&amp;apos;
System info: host: &amp;apos;DESKTOP-FFTQ1QM&amp;apos;, ip: &amp;apos;192.168.1.4&amp;apos;, os.name: &amp;apos;Windows 10&amp;apos;, os.arch: &amp;apos;amd64&amp;apos;, os.version: &amp;apos;10.0&amp;apos;, java.version: &amp;apos;16.0.2&amp;apos;
Driver info: driver.version: ChromeDriver
remote stacktrace: Backtrace:
	Ordinal0 [0x0047D953+2414931]
	Ordinal0 [0x0040F5E1+1963489]
	Ordinal0 [0x002FC6B8+837304]
	Ordinal0 [0x0031CAE3+969443]
	Ordinal0 [0x003186FA+952058]
	Ordinal0 [0x00315FB1+942001]
	Ordinal0 [0x00349100+1151232]
	Ordinal0 [0x00348D5A+1150298]
	Ordinal0 [0x003442B6+1131190]
	Ordinal0 [0x0031E860+976992]
	Ordinal0 [0x0031F756+980822]
	GetHandleVerifier [0x006ECC62+2510274]
	GetHandleVerifier [0x006DF760+2455744]
	GetHandleVerifier [0x0050EABA+551962]
	GetHandleVerifier [0x0050D916+547446]
	Ordinal0 [0x00415F3B+1990459]
	Ordinal0 [0x0041A898+2009240]
	Ordinal0 [0x0041A985+2009477]
	Ordinal0 [0x00423AD1+2046673]
	BaseThreadInitThunk [0x76EDFA29+25]
	RtlGetAppContainerNamedObjectPath [0x77A47A7E+286]
	RtlGetAppContainerNamedObjectPath [0x77A47A4E+238]
">
      <![CDATA[org.openqa.selenium.SessionNotCreatedException: session not created: This version of ChromeDriver only supports Chrome version 102
Current browser version is 101.0.4951.67 with binary path C:\Program Files\Google\Chrome\Application\chrome.exe
Build info: version: '3.141.59', revision: 'e82be7d358', time: '2018-11-14T08:17:03'
System info: host: 'DESKTOP-FFTQ1QM', ip: '192.168.1.4', os.name: 'Windows 10', os.arch: 'amd64', os.version: '10.0', java.version: '16.0.2'
Driver info: driver.version: ChromeDriver
remote stacktrace: Backtrace:
Ordinal0 [0x0047D953+2414931]
Ordinal0 [0x0040F5E1+1963489]
Ordinal0 [0x002FC6B8+837304]
Ordinal0 [0x0031CAE3+969443]
Ordinal0 [0x003186FA+952058]
Ordinal0 [0x00315FB1+942001]
Ordinal0 [0x00349100+1151232]
Ordinal0 [0x00348D5A+1150298]
Ordinal0 [0x003442B6+1131190]
Ordinal0 [0x0031E860+976992]
Ordinal0 [0x0031F756+980822]
GetHandleVerifier [0x006ECC62+2510274]
GetHandleVerifier [0x006DF760+2455744]
GetHandleVerifier [0x0050EABA+551962]
GetHandleVerifier [0x0050D916+547446]
Ordinal0 [0x00415F3B+1990459]
Ordinal0 [0x0041A898+2009240]
Ordinal0 [0x0041A985+2009477]
Ordinal0 [0x00423AD1+2046673]
BaseThreadInitThunk [0x76EDFA29+25]
RtlGetAppContainerNamedObjectPath [0x77A47A7E+286]
RtlGetAppContainerNamedObjectPath [0x77A47A4E+238]

at java.base/jdk.internal.reflect.NativeConstructorAccessorImpl.newInstance0(Native Method)
at java.base/jdk.internal.reflect.NativeConstructorAccessorImpl.newInstance(NativeConstructorAccessorImpl.java:78)
at java.base/jdk.internal.reflect.DelegatingConstructorAccessorImpl.newInstance(DelegatingConstructorAccessorImpl.java:45)
at java.base/java.lang.reflect.Constructor.newInstanceWithCaller(Constructor.java:499)
at java.base/java.lang.reflect.Constructor.newInstance(Constructor.java:480)
at org.openqa.selenium.remote.W3CHandshakeResponse.lambda$errorHandler$0(W3CHandshakeResponse.java:62)
at org.openqa.selenium.remote.HandshakeResponse.lambda$getResponseFunction$0(HandshakeResponse.java:30)
at org.openqa.selenium.remote.ProtocolHandshake.lambda$createSession$0(ProtocolHandshake.java:126)
at java.base/java.util.stream.ReferencePipeline$3$1.accept(ReferencePipeline.java:197)
at java.base/java.util.Spliterators$ArraySpliterator.tryAdvance(Spliterators.java:958)
at java.base/java.util.stream.ReferencePipeline.forEachWithCancel(ReferencePipeline.java:129)
at java.base/java.util.stream.AbstractPipeline.copyIntoWithCancel(AbstractPipeline.java:502)
at java.base/java.util.stream.AbstractPipeline.copyInto(AbstractPipeline.java:488)
at java.base/java.util.stream.AbstractPipeline.wrapAndCopyInto(AbstractPipeline.java:474)
at java.base/java.util.stream.FindOps$FindOp.evaluateSequential(FindOps.java:150)
at java.base/java.util.stream.AbstractPipeline.evaluate(AbstractPipeline.java:234)
at java.base/java.util.stream.ReferencePipeline.findFirst(ReferencePipeline.java:647)
at org.openqa.selenium.remote.ProtocolHandshake.createSession(ProtocolHandshake.java:128)
at org.openqa.selenium.remote.ProtocolHandshake.createSession(ProtocolHandshake.java:74)
at org.openqa.selenium.remote.HttpCommandExecutor.execute(HttpCommandExecutor.java:136)
at org.openqa.selenium.remote.service.DriverCommandExecutor.execute(DriverCommandExecutor.java:83)
at org.openqa.selenium.remote.RemoteWebDriver.execute(RemoteWebDriver.java:552)
at org.openqa.selenium.remote.RemoteWebDriver.startSession(RemoteWebDriver.java:213)
at org.openqa.selenium.remote.RemoteWebDriver.<init>(RemoteWebDriver.java:131)
at org.openqa.selenium.chrome.ChromeDriver.<init>(ChromeDriver.java:181)
at org.openqa.selenium.chrome.ChromeDriver.<init>(ChromeDriver.java:168)
at org.openqa.selenium.chrome.ChromeDriver.<init>(ChromeDriver.java:123)
at com.common.Base.getDriver(Base.java:20)
at com.stepdefinition.NewAccountSteps.user_on_the_amazon_home_page(NewAccountSteps.java:19)
at ✽.user on the amazon home page(file:///C:/Users/Vinod%20Kumar/git/repository/FixitAutomation/Feature/CreateAccount.feature:5)
]]>
    </failure>
  </testcase> <!-- runScenario -->
  <testcase classname="io.cucumber.testng.AbstractTestNGCucumberTests" name="runScenario" time="1.766">
    <failure type="org.openqa.selenium.SessionNotCreatedException" message="session not created: This version of ChromeDriver only supports Chrome version 102
Current browser version is 101.0.4951.67 with binary path C:\Program Files\Google\Chrome\Application\chrome.exe
Build info: version: &amp;apos;3.141.59&amp;apos;, revision: &amp;apos;e82be7d358&amp;apos;, time: &amp;apos;2018-11-14T08:17:03&amp;apos;
System info: host: &amp;apos;DESKTOP-FFTQ1QM&amp;apos;, ip: &amp;apos;192.168.1.4&amp;apos;, os.name: &amp;apos;Windows 10&amp;apos;, os.arch: &amp;apos;amd64&amp;apos;, os.version: &amp;apos;10.0&amp;apos;, java.version: &amp;apos;16.0.2&amp;apos;
Driver info: driver.version: ChromeDriver
remote stacktrace: Backtrace:
	Ordinal0 [0x0047D953+2414931]
	Ordinal0 [0x0040F5E1+1963489]
	Ordinal0 [0x002FC6B8+837304]
	Ordinal0 [0x0031CAE3+969443]
	Ordinal0 [0x003186FA+952058]
	Ordinal0 [0x00315FB1+942001]
	Ordinal0 [0x00349100+1151232]
	Ordinal0 [0x00348D5A+1150298]
	Ordinal0 [0x003442B6+1131190]
	Ordinal0 [0x0031E860+976992]
	Ordinal0 [0x0031F756+980822]
	GetHandleVerifier [0x006ECC62+2510274]
	GetHandleVerifier [0x006DF760+2455744]
	GetHandleVerifier [0x0050EABA+551962]
	GetHandleVerifier [0x0050D916+547446]
	Ordinal0 [0x00415F3B+1990459]
	Ordinal0 [0x0041A898+2009240]
	Ordinal0 [0x0041A985+2009477]
	Ordinal0 [0x00423AD1+2046673]
	BaseThreadInitThunk [0x76EDFA29+25]
	RtlGetAppContainerNamedObjectPath [0x77A47A7E+286]
	RtlGetAppContainerNamedObjectPath [0x77A47A4E+238]
">
      <![CDATA[org.openqa.selenium.SessionNotCreatedException: session not created: This version of ChromeDriver only supports Chrome version 102
Current browser version is 101.0.4951.67 with binary path C:\Program Files\Google\Chrome\Application\chrome.exe
Build info: version: '3.141.59', revision: 'e82be7d358', time: '2018-11-14T08:17:03'
System info: host: 'DESKTOP-FFTQ1QM', ip: '192.168.1.4', os.name: 'Windows 10', os.arch: 'amd64', os.version: '10.0', java.version: '16.0.2'
Driver info: driver.version: ChromeDriver
remote stacktrace: Backtrace:
Ordinal0 [0x0047D953+2414931]
Ordinal0 [0x0040F5E1+1963489]
Ordinal0 [0x002FC6B8+837304]
Ordinal0 [0x0031CAE3+969443]
Ordinal0 [0x003186FA+952058]
Ordinal0 [0x00315FB1+942001]
Ordinal0 [0x00349100+1151232]
Ordinal0 [0x00348D5A+1150298]
Ordinal0 [0x003442B6+1131190]
Ordinal0 [0x0031E860+976992]
Ordinal0 [0x0031F756+980822]
GetHandleVerifier [0x006ECC62+2510274]
GetHandleVerifier [0x006DF760+2455744]
GetHandleVerifier [0x0050EABA+551962]
GetHandleVerifier [0x0050D916+547446]
Ordinal0 [0x00415F3B+1990459]
Ordinal0 [0x0041A898+2009240]
Ordinal0 [0x0041A985+2009477]
Ordinal0 [0x00423AD1+2046673]
BaseThreadInitThunk [0x76EDFA29+25]
RtlGetAppContainerNamedObjectPath [0x77A47A7E+286]
RtlGetAppContainerNamedObjectPath [0x77A47A4E+238]

at java.base/jdk.internal.reflect.NativeConstructorAccessorImpl.newInstance0(Native Method)
at java.base/jdk.internal.reflect.NativeConstructorAccessorImpl.newInstance(NativeConstructorAccessorImpl.java:78)
at java.base/jdk.internal.reflect.DelegatingConstructorAccessorImpl.newInstance(DelegatingConstructorAccessorImpl.java:45)
at java.base/java.lang.reflect.Constructor.newInstanceWithCaller(Constructor.java:499)
at java.base/java.lang.reflect.Constructor.newInstance(Constructor.java:480)
at org.openqa.selenium.remote.W3CHandshakeResponse.lambda$errorHandler$0(W3CHandshakeResponse.java:62)
at org.openqa.selenium.remote.HandshakeResponse.lambda$getResponseFunction$0(HandshakeResponse.java:30)
at org.openqa.selenium.remote.ProtocolHandshake.lambda$createSession$0(ProtocolHandshake.java:126)
at java.base/java.util.stream.ReferencePipeline$3$1.accept(ReferencePipeline.java:197)
at java.base/java.util.Spliterators$ArraySpliterator.tryAdvance(Spliterators.java:958)
at java.base/java.util.stream.ReferencePipeline.forEachWithCancel(ReferencePipeline.java:129)
at java.base/java.util.stream.AbstractPipeline.copyIntoWithCancel(AbstractPipeline.java:502)
at java.base/java.util.stream.AbstractPipeline.copyInto(AbstractPipeline.java:488)
at java.base/java.util.stream.AbstractPipeline.wrapAndCopyInto(AbstractPipeline.java:474)
at java.base/java.util.stream.FindOps$FindOp.evaluateSequential(FindOps.java:150)
at java.base/java.util.stream.AbstractPipeline.evaluate(AbstractPipeline.java:234)
at java.base/java.util.stream.ReferencePipeline.findFirst(ReferencePipeline.java:647)
at org.openqa.selenium.remote.ProtocolHandshake.createSession(ProtocolHandshake.java:128)
at org.openqa.selenium.remote.ProtocolHandshake.createSession(ProtocolHandshake.java:74)
at org.openqa.selenium.remote.HttpCommandExecutor.execute(HttpCommandExecutor.java:136)
at org.openqa.selenium.remote.service.DriverCommandExecutor.execute(DriverCommandExecutor.java:83)
at org.openqa.selenium.remote.RemoteWebDriver.execute(RemoteWebDriver.java:552)
at org.openqa.selenium.remote.RemoteWebDriver.startSession(RemoteWebDriver.java:213)
at org.openqa.selenium.remote.RemoteWebDriver.<init>(RemoteWebDriver.java:131)
at org.openqa.selenium.chrome.ChromeDriver.<init>(ChromeDriver.java:181)
at org.openqa.selenium.chrome.ChromeDriver.<init>(ChromeDriver.java:168)
at org.openqa.selenium.chrome.ChromeDriver.<init>(ChromeDriver.java:123)
at com.common.Base.getDriver(Base.java:20)
at com.stepdefinition.NewAccountSteps.user_on_the_amazon_home_page(NewAccountSteps.java:19)
at ✽.user on the amazon home page(file:///C:/Users/Vinod%20Kumar/git/repository/FixitAutomation/Feature/CreateAccount.feature:5)
]]>
    </failure>
  </testcase> <!-- runScenario -->
  <testcase classname="io.cucumber.testng.AbstractTestNGCucumberTests" name="runScenario" time="1.636">
    <failure type="org.openqa.selenium.SessionNotCreatedException" message="session not created: This version of ChromeDriver only supports Chrome version 102
Current browser version is 101.0.4951.67 with binary path C:\Program Files\Google\Chrome\Application\chrome.exe
Build info: version: &amp;apos;3.141.59&amp;apos;, revision: &amp;apos;e82be7d358&amp;apos;, time: &amp;apos;2018-11-14T08:17:03&amp;apos;
System info: host: &amp;apos;DESKTOP-FFTQ1QM&amp;apos;, ip: &amp;apos;192.168.1.4&amp;apos;, os.name: &amp;apos;Windows 10&amp;apos;, os.arch: &amp;apos;amd64&amp;apos;, os.version: &amp;apos;10.0&amp;apos;, java.version: &amp;apos;16.0.2&amp;apos;
Driver info: driver.version: ChromeDriver
remote stacktrace: Backtrace:
	Ordinal0 [0x0047D953+2414931]
	Ordinal0 [0x0040F5E1+1963489]
	Ordinal0 [0x002FC6B8+837304]
	Ordinal0 [0x0031CAE3+969443]
	Ordinal0 [0x003186FA+952058]
	Ordinal0 [0x00315FB1+942001]
	Ordinal0 [0x00349100+1151232]
	Ordinal0 [0x00348D5A+1150298]
	Ordinal0 [0x003442B6+1131190]
	Ordinal0 [0x0031E860+976992]
	Ordinal0 [0x0031F756+980822]
	GetHandleVerifier [0x006ECC62+2510274]
	GetHandleVerifier [0x006DF760+2455744]
	GetHandleVerifier [0x0050EABA+551962]
	GetHandleVerifier [0x0050D916+547446]
	Ordinal0 [0x00415F3B+1990459]
	Ordinal0 [0x0041A898+2009240]
	Ordinal0 [0x0041A985+2009477]
	Ordinal0 [0x00423AD1+2046673]
	BaseThreadInitThunk [0x76EDFA29+25]
	RtlGetAppContainerNamedObjectPath [0x77A47A7E+286]
	RtlGetAppContainerNamedObjectPath [0x77A47A4E+238]
">
      <![CDATA[org.openqa.selenium.SessionNotCreatedException: session not created: This version of ChromeDriver only supports Chrome version 102
Current browser version is 101.0.4951.67 with binary path C:\Program Files\Google\Chrome\Application\chrome.exe
Build info: version: '3.141.59', revision: 'e82be7d358', time: '2018-11-14T08:17:03'
System info: host: 'DESKTOP-FFTQ1QM', ip: '192.168.1.4', os.name: 'Windows 10', os.arch: 'amd64', os.version: '10.0', java.version: '16.0.2'
Driver info: driver.version: ChromeDriver
remote stacktrace: Backtrace:
Ordinal0 [0x0047D953+2414931]
Ordinal0 [0x0040F5E1+1963489]
Ordinal0 [0x002FC6B8+837304]
Ordinal0 [0x0031CAE3+969443]
Ordinal0 [0x003186FA+952058]
Ordinal0 [0x00315FB1+942001]
Ordinal0 [0x00349100+1151232]
Ordinal0 [0x00348D5A+1150298]
Ordinal0 [0x003442B6+1131190]
Ordinal0 [0x0031E860+976992]
Ordinal0 [0x0031F756+980822]
GetHandleVerifier [0x006ECC62+2510274]
GetHandleVerifier [0x006DF760+2455744]
GetHandleVerifier [0x0050EABA+551962]
GetHandleVerifier [0x0050D916+547446]
Ordinal0 [0x00415F3B+1990459]
Ordinal0 [0x0041A898+2009240]
Ordinal0 [0x0041A985+2009477]
Ordinal0 [0x00423AD1+2046673]
BaseThreadInitThunk [0x76EDFA29+25]
RtlGetAppContainerNamedObjectPath [0x77A47A7E+286]
RtlGetAppContainerNamedObjectPath [0x77A47A4E+238]

at java.base/jdk.internal.reflect.NativeConstructorAccessorImpl.newInstance0(Native Method)
at java.base/jdk.internal.reflect.NativeConstructorAccessorImpl.newInstance(NativeConstructorAccessorImpl.java:78)
at java.base/jdk.internal.reflect.DelegatingConstructorAccessorImpl.newInstance(DelegatingConstructorAccessorImpl.java:45)
at java.base/java.lang.reflect.Constructor.newInstanceWithCaller(Constructor.java:499)
at java.base/java.lang.reflect.Constructor.newInstance(Constructor.java:480)
at org.openqa.selenium.remote.W3CHandshakeResponse.lambda$errorHandler$0(W3CHandshakeResponse.java:62)
at org.openqa.selenium.remote.HandshakeResponse.lambda$getResponseFunction$0(HandshakeResponse.java:30)
at org.openqa.selenium.remote.ProtocolHandshake.lambda$createSession$0(ProtocolHandshake.java:126)
at java.base/java.util.stream.ReferencePipeline$3$1.accept(ReferencePipeline.java:197)
at java.base/java.util.Spliterators$ArraySpliterator.tryAdvance(Spliterators.java:958)
at java.base/java.util.stream.ReferencePipeline.forEachWithCancel(ReferencePipeline.java:129)
at java.base/java.util.stream.AbstractPipeline.copyIntoWithCancel(AbstractPipeline.java:502)
at java.base/java.util.stream.AbstractPipeline.copyInto(AbstractPipeline.java:488)
at java.base/java.util.stream.AbstractPipeline.wrapAndCopyInto(AbstractPipeline.java:474)
at java.base/java.util.stream.FindOps$FindOp.evaluateSequential(FindOps.java:150)
at java.base/java.util.stream.AbstractPipeline.evaluate(AbstractPipeline.java:234)
at java.base/java.util.stream.ReferencePipeline.findFirst(ReferencePipeline.java:647)
at org.openqa.selenium.remote.ProtocolHandshake.createSession(ProtocolHandshake.java:128)
at org.openqa.selenium.remote.ProtocolHandshake.createSession(ProtocolHandshake.java:74)
at org.openqa.selenium.remote.HttpCommandExecutor.execute(HttpCommandExecutor.java:136)
at org.openqa.selenium.remote.service.DriverCommandExecutor.execute(DriverCommandExecutor.java:83)
at org.openqa.selenium.remote.RemoteWebDriver.execute(RemoteWebDriver.java:552)
at org.openqa.selenium.remote.RemoteWebDriver.startSession(RemoteWebDriver.java:213)
at org.openqa.selenium.remote.RemoteWebDriver.<init>(RemoteWebDriver.java:131)
at org.openqa.selenium.chrome.ChromeDriver.<init>(ChromeDriver.java:181)
at org.openqa.selenium.chrome.ChromeDriver.<init>(ChromeDriver.java:168)
at org.openqa.selenium.chrome.ChromeDriver.<init>(ChromeDriver.java:123)
at com.common.Base.getDriver(Base.java:20)
at com.stepdefinition.NewAccountSteps.user_on_the_amazon_home_page(NewAccountSteps.java:19)
at ✽.user on the amazon home page(file:///C:/Users/Vinod%20Kumar/git/repository/FixitAutomation/Feature/CreateAccount.feature:5)
]]>
    </failure>
  </testcase> <!-- runScenario -->
</testsuite> <!-- Default test -->
