<?xml version="1.0" encoding="UTF-8"?>
<testng-results ignored="0" total="1" passed="0" failed="1" skipped="0">
  <reporter-output>
  </reporter-output>
  <suite started-at="2021-10-07T19:37:44Z" name="Default suite" finished-at="2021-10-07T19:37:52Z" duration-ms="8043">
    <groups>
      <group name="cucumber">
        <method signature="AbstractTestNGCucumberTests.runScenario(io.cucumber.testng.PickleWrapper, io.cucumber.testng.FeatureWrapper)[pri:0, instance:com.testrunner.TestRunner@14028087]" name="runScenario" class="io.cucumber.testng.AbstractTestNGCucumberTests"/>
      </group> <!-- cucumber -->
    </groups>
    <test started-at="2021-10-07T19:37:44Z" name="Default test" finished-at="2021-10-07T19:37:52Z" duration-ms="8043">
      <class name="com.testrunner.TestRunner">
        <test-method is-config="true" signature="setUpClass()[pri:0, instance:com.testrunner.TestRunner@14028087]" started-at="2021-10-07T19:37:44Z" name="setUpClass" finished-at="2021-10-07T19:37:44Z" duration-ms="375" status="PASS">
          <reporter-output>
          </reporter-output>
        </test-method> <!-- setUpClass -->
        <test-method signature="runScenario(io.cucumber.testng.PickleWrapper, io.cucumber.testng.FeatureWrapper)[pri:0, instance:com.testrunner.TestRunner@14028087]" started-at="2021-10-07T19:37:44Z" name="runScenario" description="Runs Cucumber Scenarios" data-provider="scenarios" finished-at="2021-10-07T19:37:52Z" duration-ms="7622" status="FAIL">
          <params>
            <param index="0">
              <value>
                <![CDATA["Create amazon account with  given values"]]>
              </value>
            </param>
            <param index="1">
              <value>
                <![CDATA["Optional[Create a New Account in Amazon]"]]>
              </value>
            </param>
          </params>
          <exception class="java.lang.AssertionError">
            <message>
              <![CDATA[expected [Amazon.com. Spend less. Smile more.] but found [Authentication required]]]>
            </message>
            <full-stacktrace>
              <![CDATA[java.lang.AssertionError: expected [Amazon.com. Spend less. Smile more.] but found [Authentication required]
at org.testng.Assert.fail(Assert.java:96)
at org.testng.Assert.failNotEquals(Assert.java:776)
at org.testng.Assert.assertEqualsImpl(Assert.java:137)
at org.testng.Assert.assertEquals(Assert.java:118)
at org.testng.Assert.assertEquals(Assert.java:453)
at org.testng.Assert.assertEquals(Assert.java:463)
at com.stepdefinition.NewAccountSteps.the_user_can_create_new_account_sucessfully(NewAccountSteps.java:70)
at ✽.the user can create new account sucessfully(file:///C:/Users/Vinod%20Kumar/eclipse-workspace/FixitAutomation/Feature/CreateAccount.feature:12)
]]>
            </full-stacktrace>
          </exception> <!-- java.lang.AssertionError -->
          <reporter-output>
          </reporter-output>
        </test-method> <!-- runScenario -->
        <test-method is-config="true" signature="tearDownClass()[pri:0, instance:com.testrunner.TestRunner@14028087]" started-at="2021-10-07T19:37:52Z" name="tearDownClass" finished-at="2021-10-07T19:37:52Z" duration-ms="15" status="PASS">
          <reporter-output>
          </reporter-output>
        </test-method> <!-- tearDownClass -->
      </class> <!-- com.testrunner.TestRunner -->
    </test> <!-- Default test -->
  </suite> <!-- Default suite -->
</testng-results>
