<?xml version="1.0" encoding="UTF-8"?>
<testng-results ignored="0" total="3" passed="3" failed="0" skipped="0">
  <reporter-output>
  </reporter-output>
  <suite started-at="2022-01-06T04:37:28Z" name="Suite1" finished-at="2022-01-06T04:38:01Z" duration-ms="32934">
    <groups>
      <group name="cucumber">
        <method signature="AbstractTestNGCucumberTests.runScenario(io.cucumber.testng.PickleWrapper, io.cucumber.testng.FeatureWrapper)[pri:0, instance:com.testrunner.TestRunner@402c4085]" name="runScenario" class="io.cucumber.testng.AbstractTestNGCucumberTests"/>
      </group> <!-- cucumber -->
    </groups>
    <test started-at="2022-01-06T04:37:28Z" name="Nopackage" finished-at="2022-01-06T04:38:01Z" duration-ms="32934">
      <class name="com.testrunner.TestRunner">
        <test-method is-config="true" signature="setUpClass()[pri:0, instance:com.testrunner.TestRunner@402c4085]" started-at="2022-01-06T04:37:28Z" name="setUpClass" finished-at="2022-01-06T04:37:29Z" duration-ms="316" status="PASS">
          <reporter-output>
          </reporter-output>
        </test-method> <!-- setUpClass -->
        <test-method signature="runScenario(io.cucumber.testng.PickleWrapper, io.cucumber.testng.FeatureWrapper)[pri:0, instance:com.testrunner.TestRunner@402c4085]" started-at="2022-01-06T04:37:29Z" name="runScenario" description="Runs Cucumber Scenarios" data-provider="scenarios" finished-at="2022-01-06T04:37:39Z" duration-ms="10311" status="PASS">
          <params>
            <param index="0">
              <value>
                <![CDATA["Create amazon account with  given values"]]>
              </value>
            </param>
            <param index="1">
              <value>
                <![CDATA["Optional[Create a New Account in Amazon]"]]>
              </value>
            </param>
          </params>
          <reporter-output>
          </reporter-output>
        </test-method> <!-- runScenario -->
        <test-method signature="runScenario(io.cucumber.testng.PickleWrapper, io.cucumber.testng.FeatureWrapper)[pri:0, instance:com.testrunner.TestRunner@402c4085]" started-at="2022-01-06T04:37:39Z" name="runScenario" description="Runs Cucumber Scenarios" data-provider="scenarios" finished-at="2022-01-06T04:37:50Z" duration-ms="11156" status="PASS">
          <params>
            <param index="0">
              <value>
                <![CDATA["Create amazon account with  given values"]]>
              </value>
            </param>
            <param index="1">
              <value>
                <![CDATA["Optional[Create a New Account in Amazon]"]]>
              </value>
            </param>
          </params>
          <reporter-output>
          </reporter-output>
        </test-method> <!-- runScenario -->
        <test-method signature="runScenario(io.cucumber.testng.PickleWrapper, io.cucumber.testng.FeatureWrapper)[pri:0, instance:com.testrunner.TestRunner@402c4085]" started-at="2022-01-06T04:37:50Z" name="runScenario" description="Runs Cucumber Scenarios" data-provider="scenarios" finished-at="2022-01-06T04:38:01Z" duration-ms="11112" status="PASS">
          <params>
            <param index="0">
              <value>
                <![CDATA["Create amazon account with  given values"]]>
              </value>
            </param>
            <param index="1">
              <value>
                <![CDATA["Optional[Create a New Account in Amazon]"]]>
              </value>
            </param>
          </params>
          <reporter-output>
          </reporter-output>
        </test-method> <!-- runScenario -->
        <test-method is-config="true" signature="tearDownClass()[pri:0, instance:com.testrunner.TestRunner@402c4085]" started-at="2022-01-06T04:38:01Z" name="tearDownClass" finished-at="2022-01-06T04:38:01Z" duration-ms="12" status="PASS">
          <reporter-output>
          </reporter-output>
        </test-method> <!-- tearDownClass -->
      </class> <!-- com.testrunner.TestRunner -->
    </test> <!-- Nopackage -->
  </suite> <!-- Suite1 -->
</testng-results>
