<?xml version="1.0" encoding="UTF-8"?>
<testng-results ignored="0" total="3" passed="3" failed="0" skipped="0">
  <reporter-output>
  </reporter-output>
  <suite started-at="2021-12-23T17:57:44Z" name="Default suite" finished-at="2021-12-23T17:58:10Z" duration-ms="25942">
    <groups>
      <group name="cucumber">
        <method signature="AbstractTestNGCucumberTests.runScenario(io.cucumber.testng.PickleWrapper, io.cucumber.testng.FeatureWrapper)[pri:0, instance:com.testrunner.TestRunner@402c4085]" name="runScenario" class="io.cucumber.testng.AbstractTestNGCucumberTests"/>
      </group> <!-- cucumber -->
    </groups>
    <test started-at="2021-12-23T17:57:44Z" name="Default test" finished-at="2021-12-23T17:58:10Z" duration-ms="25942">
      <class name="com.testrunner.TestRunner">
        <test-method is-config="true" signature="setUpClass()[pri:0, instance:com.testrunner.TestRunner@402c4085]" started-at="2021-12-23T17:57:44Z" name="setUpClass" finished-at="2021-12-23T17:57:44Z" duration-ms="339" status="PASS">
          <reporter-output>
          </reporter-output>
        </test-method> <!-- setUpClass -->
        <test-method signature="runScenario(io.cucumber.testng.PickleWrapper, io.cucumber.testng.FeatureWrapper)[pri:0, instance:com.testrunner.TestRunner@402c4085]" started-at="2021-12-23T17:57:44Z" name="runScenario" description="Runs Cucumber Scenarios" data-provider="scenarios" finished-at="2021-12-23T17:57:53Z" duration-ms="8758" status="PASS">
          <params>
            <param index="0">
              <value>
                <![CDATA["Create amazon account with  given values"]]>
              </value>
            </param>
            <param index="1">
              <value>
                <![CDATA["Optional[Create a New Account in Amazon]"]]>
              </value>
            </param>
          </params>
          <reporter-output>
          </reporter-output>
        </test-method> <!-- runScenario -->
        <test-method signature="runScenario(io.cucumber.testng.PickleWrapper, io.cucumber.testng.FeatureWrapper)[pri:0, instance:com.testrunner.TestRunner@402c4085]" started-at="2021-12-23T17:57:53Z" name="runScenario" description="Runs Cucumber Scenarios" data-provider="scenarios" finished-at="2021-12-23T17:58:01Z" duration-ms="8035" status="PASS">
          <params>
            <param index="0">
              <value>
                <![CDATA["Create amazon account with  given values"]]>
              </value>
            </param>
            <param index="1">
              <value>
                <![CDATA["Optional[Create a New Account in Amazon]"]]>
              </value>
            </param>
          </params>
          <reporter-output>
          </reporter-output>
        </test-method> <!-- runScenario -->
        <test-method signature="runScenario(io.cucumber.testng.PickleWrapper, io.cucumber.testng.FeatureWrapper)[pri:0, instance:com.testrunner.TestRunner@402c4085]" started-at="2021-12-23T17:58:01Z" name="runScenario" description="Runs Cucumber Scenarios" data-provider="scenarios" finished-at="2021-12-23T17:58:10Z" duration-ms="8762" status="PASS">
          <params>
            <param index="0">
              <value>
                <![CDATA["Create amazon account with  given values"]]>
              </value>
            </param>
            <param index="1">
              <value>
                <![CDATA["Optional[Create a New Account in Amazon]"]]>
              </value>
            </param>
          </params>
          <reporter-output>
          </reporter-output>
        </test-method> <!-- runScenario -->
        <test-method is-config="true" signature="tearDownClass()[pri:0, instance:com.testrunner.TestRunner@402c4085]" started-at="2021-12-23T17:58:10Z" name="tearDownClass" finished-at="2021-12-23T17:58:10Z" duration-ms="12" status="PASS">
          <reporter-output>
          </reporter-output>
        </test-method> <!-- tearDownClass -->
      </class> <!-- com.testrunner.TestRunner -->
    </test> <!-- Default test -->
  </suite> <!-- Default suite -->
</testng-results>
